Start testing: Jun 01 16:15 EDT
----------------------------------------------------------
1/6 Testing: edge-core-tests
1/6 Test: edge-core-tests
Command: "/home/admin/Documents/BMS/BEMS_ENTERPRISE_COMPLETE/repo/edge-core/build/edge-core-tests"
Directory: /home/admin/Documents/BMS/BEMS_ENTERPRISE_COMPLETE/repo/edge-core/build
"edge-core-tests" start time: Jun 01 16:15 EDT
Output:
----------------------------------------------------------
<end of output>
Test time =   0.00 sec
----------------------------------------------------------
Test Passed.
"edge-core-tests" end time: Jun 01 16:15 EDT
"edge-core-tests" time elapsed: 00:00:00
----------------------------------------------------------

2/6 Testing: edge-core-bacnet-simulator-tests
2/6 Test: edge-core-bacnet-simulator-tests
Command: "/home/admin/Documents/BMS/BEMS_ENTERPRISE_COMPLETE/repo/edge-core/build/edge-core-bacnet-simulator-tests"
Directory: /home/admin/Documents/BMS/BEMS_ENTERPRISE_COMPLETE/repo/edge-core/build
"edge-core-bacnet-simulator-tests" start time: Jun 01 16:15 EDT
Output:
----------------------------------------------------------
[BACnet] Simulator enabled with 7 simulated BACnet devices. Real BACnet UDP is bypassed.
<end of output>
Test time =   0.00 sec
----------------------------------------------------------
Test Passed.
"edge-core-bacnet-simulator-tests" end time: Jun 01 16:15 EDT
"edge-core-bacnet-simulator-tests" time elapsed: 00:00:00
----------------------------------------------------------

3/6 Testing: edge-core-fieldbus-tests
3/6 Test: edge-core-fieldbus-tests
Command: "/home/admin/Documents/BMS/BEMS_ENTERPRISE_COMPLETE/repo/edge-core/build/edge-core-fieldbus-tests"
Directory: /home/admin/Documents/BMS/BEMS_ENTERPRISE_COMPLETE/repo/edge-core/build
"edge-core-fieldbus-tests" start time: Jun 01 16:15 EDT
Output:
----------------------------------------------------------
<end of output>
Test time =   0.00 sec
----------------------------------------------------------
Test Passed.
"edge-core-fieldbus-tests" end time: Jun 01 16:15 EDT
"edge-core-fieldbus-tests" time elapsed: 00:00:00
----------------------------------------------------------

4/6 Testing: edge-core-energy-ai-tests
4/6 Test: edge-core-energy-ai-tests
Command: "/home/admin/Documents/BMS/BEMS_ENTERPRISE_COMPLETE/repo/edge-core/build/edge-core-energy-ai-tests"
Directory: /home/admin/Documents/BMS/BEMS_ENTERPRISE_COMPLETE/repo/edge-core/build
"edge-core-energy-ai-tests" start time: Jun 01 16:15 EDT
Output:
----------------------------------------------------------
<end of output>
Test time =   0.00 sec
----------------------------------------------------------
Test Passed.
"edge-core-energy-ai-tests" end time: Jun 01 16:15 EDT
"edge-core-energy-ai-tests" time elapsed: 00:00:00
----------------------------------------------------------

5/6 Testing: edge-core-discovery-tests
5/6 Test: edge-core-discovery-tests
Command: "/home/admin/Documents/BMS/BEMS_ENTERPRISE_COMPLETE/repo/edge-core/build/edge-core-discovery-tests"
Directory: /home/admin/Documents/BMS/BEMS_ENTERPRISE_COMPLETE/repo/edge-core/build
"edge-core-discovery-tests" start time: Jun 01 16:15 EDT
Output:
----------------------------------------------------------
<end of output>
Test time =   0.00 sec
----------------------------------------------------------
Test Passed.
"edge-core-discovery-tests" end time: Jun 01 16:15 EDT
"edge-core-discovery-tests" time elapsed: 00:00:00
----------------------------------------------------------

6/6 Testing: edge-core-hvac-control-tests
6/6 Test: edge-core-hvac-control-tests
Command: "/home/admin/Documents/BMS/BEMS_ENTERPRISE_COMPLETE/repo/edge-core/build/edge-core-hvac-control-tests"
Directory: /home/admin/Documents/BMS/BEMS_ENTERPRISE_COMPLETE/repo/edge-core/build
"edge-core-hvac-control-tests" start time: Jun 01 16:15 EDT
Output:
----------------------------------------------------------
<end of output>
Test time =   0.00 sec
----------------------------------------------------------
Test Passed.
"edge-core-hvac-control-tests" end time: Jun 01 16:15 EDT
"edge-core-hvac-control-tests" time elapsed: 00:00:00
----------------------------------------------------------

End testing: Jun 01 16:15 EDT
