Start testing: Jun 01 16:38 EDT
----------------------------------------------------------
1/7 Testing: edge-core-tests
1/7 Test: edge-core-tests
Command: "/home/admin/Documents/BMS/BEMS_ENTERPRISE_COMPLETE/repo/edge-core/build/edge-core-tests"
Directory: /home/admin/Documents/BMS/BEMS_ENTERPRISE_COMPLETE/repo/edge-core/build
"edge-core-tests" start time: Jun 01 16:38 EDT
Output:
----------------------------------------------------------
<end of output>
Test time =   0.00 sec
----------------------------------------------------------
Test Passed.
"edge-core-tests" end time: Jun 01 16:38 EDT
"edge-core-tests" time elapsed: 00:00:00
----------------------------------------------------------

2/7 Testing: edge-core-bacnet-simulator-tests
2/7 Test: edge-core-bacnet-simulator-tests
Command: "/home/admin/Documents/BMS/BEMS_ENTERPRISE_COMPLETE/repo/edge-core/build/edge-core-bacnet-simulator-tests"
Directory: /home/admin/Documents/BMS/BEMS_ENTERPRISE_COMPLETE/repo/edge-core/build
"edge-core-bacnet-simulator-tests" start time: Jun 01 16:38 EDT
Output:
----------------------------------------------------------
[BACnet] Simulator enabled with 7 simulated BACnet devices. Real BACnet UDP is bypassed.
<end of output>
Test time =   0.00 sec
----------------------------------------------------------
Test Passed.
"edge-core-bacnet-simulator-tests" end time: Jun 01 16:38 EDT
"edge-core-bacnet-simulator-tests" time elapsed: 00:00:00
----------------------------------------------------------

3/7 Testing: edge-core-bacnet-object-database-tests
3/7 Test: edge-core-bacnet-object-database-tests
Command: "/home/admin/Documents/BMS/BEMS_ENTERPRISE_COMPLETE/repo/edge-core/build/edge-core-bacnet-object-database-tests"
Directory: /home/admin/Documents/BMS/BEMS_ENTERPRISE_COMPLETE/repo/edge-core/build
"edge-core-bacnet-object-database-tests" start time: Jun 01 16:38 EDT
Output:
----------------------------------------------------------
<end of output>
Test time =   0.00 sec
----------------------------------------------------------
Test Passed.
"edge-core-bacnet-object-database-tests" end time: Jun 01 16:38 EDT
"edge-core-bacnet-object-database-tests" time elapsed: 00:00:00
----------------------------------------------------------

4/7 Testing: edge-core-fieldbus-tests
4/7 Test: edge-core-fieldbus-tests
Command: "/home/admin/Documents/BMS/BEMS_ENTERPRISE_COMPLETE/repo/edge-core/build/edge-core-fieldbus-tests"
Directory: /home/admin/Documents/BMS/BEMS_ENTERPRISE_COMPLETE/repo/edge-core/build
"edge-core-fieldbus-tests" start time: Jun 01 16:38 EDT
Output:
----------------------------------------------------------
<end of output>
Test time =   0.00 sec
----------------------------------------------------------
Test Passed.
"edge-core-fieldbus-tests" end time: Jun 01 16:38 EDT
"edge-core-fieldbus-tests" time elapsed: 00:00:00
----------------------------------------------------------

5/7 Testing: edge-core-energy-ai-tests
5/7 Test: edge-core-energy-ai-tests
Command: "/home/admin/Documents/BMS/BEMS_ENTERPRISE_COMPLETE/repo/edge-core/build/edge-core-energy-ai-tests"
Directory: /home/admin/Documents/BMS/BEMS_ENTERPRISE_COMPLETE/repo/edge-core/build
"edge-core-energy-ai-tests" start time: Jun 01 16:38 EDT
Output:
----------------------------------------------------------
<end of output>
Test time =   0.00 sec
----------------------------------------------------------
Test Passed.
"edge-core-energy-ai-tests" end time: Jun 01 16:38 EDT
"edge-core-energy-ai-tests" time elapsed: 00:00:00
----------------------------------------------------------

6/7 Testing: edge-core-discovery-tests
6/7 Test: edge-core-discovery-tests
Command: "/home/admin/Documents/BMS/BEMS_ENTERPRISE_COMPLETE/repo/edge-core/build/edge-core-discovery-tests"
Directory: /home/admin/Documents/BMS/BEMS_ENTERPRISE_COMPLETE/repo/edge-core/build
"edge-core-discovery-tests" start time: Jun 01 16:38 EDT
Output:
----------------------------------------------------------
<end of output>
Test time =   0.00 sec
----------------------------------------------------------
Test Passed.
"edge-core-discovery-tests" end time: Jun 01 16:38 EDT
"edge-core-discovery-tests" time elapsed: 00:00:00
----------------------------------------------------------

7/7 Testing: edge-core-hvac-control-tests
7/7 Test: edge-core-hvac-control-tests
Command: "/home/admin/Documents/BMS/BEMS_ENTERPRISE_COMPLETE/repo/edge-core/build/edge-core-hvac-control-tests"
Directory: /home/admin/Documents/BMS/BEMS_ENTERPRISE_COMPLETE/repo/edge-core/build
"edge-core-hvac-control-tests" start time: Jun 01 16:38 EDT
Output:
----------------------------------------------------------
<end of output>
Test time =   0.00 sec
----------------------------------------------------------
Test Passed.
"edge-core-hvac-control-tests" end time: Jun 01 16:38 EDT
"edge-core-hvac-control-tests" time elapsed: 00:00:00
----------------------------------------------------------

End testing: Jun 01 16:38 EDT
